<?xml version="1.0" encoding="UTF-8"?>
<testng-results ignored="0" total="1" passed="1" failed="0" skipped="0">
  <reporter-output>
  </reporter-output>
  <suite started-at="2023-02-16T09:59:43 EST" name="Default suite" finished-at="2023-02-16T09:59:45 EST" duration-ms="1532">
    <groups>
    </groups>
    <test started-at="2023-02-16T09:59:43 EST" name="Default test" finished-at="2023-02-16T09:59:45 EST" duration-ms="1532">
      <class name="samplepractise.TC007_GET_BasicAuth">
        <test-method signature="getBasicAuthentication()[pri:0, instance:samplepractise.TC007_GET_BasicAuth@1ea9f6af]" started-at="2023-02-16T09:59:43 EST" name="getBasicAuthentication" finished-at="2023-02-16T09:59:45 EST" duration-ms="1503" status="PASS">
          <reporter-output>
          </reporter-output>
        </test-method> <!-- getBasicAuthentication -->
      </class> <!-- samplepractise.TC007_GET_BasicAuth -->
    </test> <!-- Default test -->
  </suite> <!-- Default suite -->
</testng-results>
